Build started 5/20/2022 11:15:56 PM.
     1>Project "D:\CODE\GAME\GameVs\ConsoleApplication1\ConsoleApplication1\ConsoleApplication1.vcxproj" on node 2 (Build target(s)).
     1>ClCompile:
         C:\Program Files (x86)\Microsoft Visual Studio 11.0\VC\bin\CL.exe /c /ZI /nologo /W3 /WX- /Od /Oy- /D WIN32 /D _DEBUG /D _CONSOLE /D _UNICODE /D UNICODE /Gm /EHsc /RTC1 /MDd /GS /fp:precise /Zc:wchar_t /Zc:forScope /Fo"Debug\\" /Fd"Debug\vc110.pdb" /Gd /TP /analyze- /errorReport:prompt main.cpp
         main.cpp
     1>d:\code\game\gamevs\consoleapplication1\consoleapplication1\main.cpp(219): warning C4244: 'initializing' : conversion from 'float' to 'int', possible loss of data
     1>d:\code\game\gamevs\consoleapplication1\consoleapplication1\main.cpp(245): warning C4244: 'argument' : conversion from 'int' to 'float', possible loss of data
     1>d:\code\game\gamevs\consoleapplication1\consoleapplication1\main.cpp(525): warning C4244: 'argument' : conversion from 'time_t' to 'unsigned int', possible loss of data
     1>d:\code\game\gamevs\consoleapplication1\consoleapplication1\main.cpp(612): warning C4244: 'argument' : conversion from 'int' to 'float', possible loss of data
     1>d:\code\game\gamevs\consoleapplication1\consoleapplication1\main.cpp(733): warning C4244: 'argument' : conversion from 'int' to 'float', possible loss of data
     1>d:\code\game\gamevs\consoleapplication1\consoleapplication1\main.cpp(735): warning C4244: 'argument' : conversion from 'int' to 'float', possible loss of data
     1>d:\code\game\gamevs\consoleapplication1\consoleapplication1\main.cpp(737): warning C4244: 'argument' : conversion from 'int' to 'float', possible loss of data
     1>d:\code\game\gamevs\consoleapplication1\consoleapplication1\main.cpp(739): warning C4244: 'argument' : conversion from 'int' to 'float', possible loss of data
     1>d:\code\game\gamevs\consoleapplication1\consoleapplication1\main.cpp(830): warning C4244: 'argument' : conversion from 'int' to 'float', possible loss of data
     1>d:\code\game\gamevs\consoleapplication1\consoleapplication1\main.cpp(945): warning C4244: 'argument' : conversion from 'int' to 'float', possible loss of data
     1>d:\code\game\gamevs\consoleapplication1\consoleapplication1\main.cpp(947): warning C4244: 'argument' : conversion from 'int' to 'float', possible loss of data
     1>d:\code\game\gamevs\consoleapplication1\consoleapplication1\main.cpp(949): warning C4244: 'argument' : conversion from 'int' to 'float', possible loss of data
     1>d:\code\game\gamevs\consoleapplication1\consoleapplication1\main.cpp(951): warning C4244: 'argument' : conversion from 'int' to 'float', possible loss of data
       Link:
         C:\Program Files (x86)\Microsoft Visual Studio 11.0\VC\bin\link.exe /ERRORREPORT:PROMPT /OUT:"D:\CODE\GAME\GameVs\ConsoleApplication1\Debug\ConsoleApplication1.exe" /INCREMENTAL /NOLOGO SDL2.lib SDL2main.lib SDL2_image.lib SDL2_mixer.lib SDL2_ttf.lib kernel32.lib user32.lib gdi32.lib winspool.lib comdlg32.lib advapi32.lib shell32.lib ole32.lib oleaut32.lib uuid.lib odbc32.lib odbccp32.lib /MANIFEST /MANIFESTUAC:"level='asInvoker' uiAccess='false'" /manifest:embed /DEBUG /PDB:"D:\CODE\GAME\GameVs\ConsoleApplication1\Debug\ConsoleApplication1.pdb" /SUBSYSTEM:CONSOLE /TLBID:1 /DYNAMICBASE /NXCOMPAT /IMPLIB:"D:\CODE\GAME\GameVs\ConsoleApplication1\Debug\ConsoleApplication1.lib" /MACHINE:X86 Debug\Ball.obj
         Debug\main.obj
         ConsoleApplication1.vcxproj -> D:\CODE\GAME\GameVs\ConsoleApplication1\Debug\ConsoleApplication1.exe
     1>Done Building Project "D:\CODE\GAME\GameVs\ConsoleApplication1\ConsoleApplication1\ConsoleApplication1.vcxproj" (Build target(s)).

Build succeeded.

Time Elapsed 00:00:01.08
